

Microchip Technology PIC Macro Assembler V1.33 build 59893 
                                                                                                           Sat Dec 15 15:51:42 2018


     1                           
     2                           	; Microchip MPLAB XC8 C Compiler V1.33
     3                           	; Copyright (C) 1984-2014 HI-TECH Software
     4                           
     5                           	; Auto-generated runtime startup code for final link stage.
     6                           
     7                           	;
     8                           	; Compiler options:
     9                           	;
    10                           	; -oCS5_Group16.cof -mCS5_Group16.map --summary=default \
    11                           	; --output=default CS5_Group16.p1 --chip=16F737 -P --runtime=default \
    12                           	; --opt=default -N-1 -D__DEBUG=1 -g --asmlist \
    13                           	; --errformat=Error   [%n] %f; %l.%c %s --msgformat=Advisory[%n] %s \
    14                           	; --warnformat=Warning [%n] %f; %l.%c %s
    15                           	;
    16                           
    17                           
    18                           	processor	16F737
    19                           
    20                           	global	_main,start,reset_vec
    21                           	fnroot	_main
    22                           	psect	config,class=CONFIG,delta=2,noexec
    23                           	psect	idloc,class=IDLOC,delta=2,noexec
    24                           	psect	code,class=CODE,delta=2
    25                           	psect	powerup,class=CODE,delta=2
    26                           	psect	reset_vec,class=CODE,delta=2
    27                           	psect	maintext,class=CODE,delta=2
    28  0000                     	Z	set	2
    29  0002                     	PCL	set	2
    30  0002                     	INDF	set	0
    31  0000                     
    32                           	STATUS	equ	3
    33  0003                     	PCLATH	equ	0Ah
    34  000A                     
    35                           	psect	eeprom_data,class=EEDATA,delta=2,space=3,noexec
    36                           	psect	intentry,class=CODE,delta=2
    37                           	psect	functab,class=CODE,delta=2
    38                           	global	intlevel0,intlevel1,intlevel2, intlevel3, intlevel4, intlevel5
    39                           intlevel0:
    40  0000                     intlevel1:
    41  0000                     intlevel2:
    42  0000                     intlevel3:
    43  0000                     intlevel4:
    44  0000                     intlevel5:
    45  0000                     	psect	init,class=CODE,delta=2
    46                           	psect	cinit,class=CODE,delta=2
    47                           	psect	text,class=CODE,delta=2
    48                           	psect	end_init,class=CODE,delta=2
    49                           	psect	clrtext,class=CODE,delta=2
    50                           	FSR	set	4
    51  0004                     	psect	strings,class=CODE,delta=2,reloc=256
    52                           
    53                           	global stacklo, stackhi
    54                           	stacklo	equ	0
    55  0000                     	stackhi	equ	0
    56  0000                     
    57                           
    58                           	psect	stack,class=STACK,space=2,noexec
    59                           	global ___sp,___int_sp
    60                           	___sp:
    61  0000                     	___int_sp:
    62  0000                     	psect	reset_vec
    63                           reset_vec:
    64  0000                     	; No powerup routine
    65                           	global start
    66                           
    67                           ; jump to start
    68                           	goto	start & 0x7FF | (reset_vec & not 0x7FF)
    69  0000  118A  2811         
    70                           
    71                           
    72                           	psect	init
    73                           start
    74  0011                     	psect	end_init
    75                           	global start_initialization
    76                           	ljmp start_initialization	;jump to C runtime clear & initialization
    77  0011  118A  2813         
    78                           ; Config register CONFIG1 @ 0x2007
    79                           ;	Watchdog Timer Enable bit
    80                           ;	WDTE = OFF, WDT disabled
    81                           ;	CCP2 Multiplex bit
    82                           ;	CCP2MX = 0x1, unprogrammed default
    83                           ;	Power-up Timer Enable bit
    84                           ;	PWRTE = ON, PWRT enabled
    85                           ;	Flash Program Memory Code Protection bits
    86                           ;	CP = OFF, Code protection off
    87                           ;	Brown-out Reset Enable bit
    88                           ;	BOREN = OFF, Disabled
    89                           ;	Brown-out Reset Voltage bits
    90                           ;	BORV = 20, VBOR set to 2.0V
    91                           ;	In-Circuit Debugger Mode bit
    92                           ;	DEBUG = OFF, In-Circuit Debugger disabled, RB6 and RB7 are general purpose I/O pins
    93                           ;	MCLR/VPP/RE3 Pin Function Select bit
    94                           ;	MCLRE = ON, MCLR/VPP/RE3 pin function is MCLR
    95                           ;	Oscillator Selection bits
    96                           ;	FOSC = HS, HS oscillator
    97                           
    98                           	psect	config
    99                           		org 0x0
   100  2007                     		dw 0xFFA2
   101  2007  FFA2               
   102                           ; Config register CONFIG2 @ 0x2008
   103                           ;	Brown-out Reset Software Enable bit
   104                           ;	BORSEN = OFF, Disabled
   105                           ;	Fail-Safe Clock Monitor Enable bit
   106                           ;	FCMEN = OFF, Fail-Safe Clock Monitor disabled
   107                           ;	Internal External Switchover bit
   108                           ;	IESO = OFF, Internal External Switchover mode disabled
   109                           
   110                           	psect	config
   111                           		org 0x1
   112  2008                     		dw 0xFFBC
   113  2008  FFBC               


Microchip Technology PIC Macro Assembler V1.33 build 59893 
Symbol Table                                                                                               Sat Dec 15 15:51:42 2018

               ___sp 0000                 _main 071B                 start 0011               stackhi 0000  
             stacklo 0000  start_initialization 0013             ___int_sp 0000             intlevel0 0000  
           intlevel1 0000             intlevel2 0000             intlevel3 0000             intlevel4 0000  
           intlevel5 0000             reset_vec 0000  
